This is pdfTeX, Version 3.1415926-2.5-1.40.14 (TeX Live 2013/Debian) (format=pdflatex 2015.10.15)  27 SEP 2016 18:54
entering extended mode
 restricted \write18 enabled.
 %&-line parsing enabled.
**FAST2017-draft.tex
(./FAST2017-draft.tex
LaTeX2e <2011/06/27>
Babel <3.9h> and hyphenation patterns for 78 languages loaded.
(/usr/share/texlive/texmf-dist/tex/latex/base/article.cls
Document Class: article 2007/10/19 v1.4h Standard LaTeX document class
(/usr/share/texlive/texmf-dist/tex/latex/base/size10.clo
File: size10.clo 2007/10/19 v1.4h Standard LaTeX file (size option)
)
\c@part=\count79
\c@section=\count80
\c@subsection=\count81
\c@subsubsection=\count82
\c@paragraph=\count83
\c@subparagraph=\count84
\c@figure=\count85
\c@table=\count86
\abovecaptionskip=\skip41
\belowcaptionskip=\skip42
\bibindent=\dimen102
)
(/usr/share/texlive/texmf-dist/tex/latex/graphics/epsfig.sty
Package: epsfig 1999/02/16 v1.7a (e)psfig emulation (SPQR)

(/usr/share/texlive/texmf-dist/tex/latex/graphics/graphicx.sty
Package: graphicx 1999/02/16 v1.0f Enhanced LaTeX Graphics (DPC,SPQR)

(/usr/share/texlive/texmf-dist/tex/latex/graphics/keyval.sty
Package: keyval 1999/03/16 v1.13 key=value parser (DPC)
\KV@toks@=\toks14
)
(/usr/share/texlive/texmf-dist/tex/latex/graphics/graphics.sty
Package: graphics 2009/02/05 v1.0o Standard LaTeX Graphics (DPC,SPQR)

(/usr/share/texlive/texmf-dist/tex/latex/graphics/trig.sty
Package: trig 1999/03/16 v1.09 sin cos tan (DPC)
)
(/usr/share/texlive/texmf-dist/tex/latex/latexconfig/graphics.cfg
File: graphics.cfg 2010/04/23 v1.9 graphics configuration of TeX Live
)
Package graphics Info: Driver file: pdftex.def on input line 91.

(/usr/share/texlive/texmf-dist/tex/latex/pdftex-def/pdftex.def
File: pdftex.def 2011/05/27 v0.06d Graphics/color for pdfTeX

(/usr/share/texlive/texmf-dist/tex/generic/oberdiek/infwarerr.sty
Package: infwarerr 2010/04/08 v1.3 Providing info/warning/error messages (HO)
)
(/usr/share/texlive/texmf-dist/tex/generic/oberdiek/ltxcmds.sty
Package: ltxcmds 2011/11/09 v1.22 LaTeX kernel commands for general use (HO)
)
\Gread@gobject=\count87
))
\Gin@req@height=\dimen103
\Gin@req@width=\dimen104
)
\epsfxsize=\dimen105
\epsfysize=\dimen106
)
(/usr/share/texlive/texmf-dist/tex/latex/endnotes/endnotes.sty
\c@endnote=\count88
\endnotesep=\dimen107
\@enotes=\write3
)
(/usr/share/texlive/texmf-dist/tex/latex/psnfss/times.sty
Package: times 2005/04/12 PSNFSS-v9.2a (SPQR) 
)
(/usr/share/texlive/texmf-dist/tex/latex/url/url.sty
\Urlmuskip=\muskip10
Package: url 2013/09/16  ver 3.4  Verb mode for urls, etc.
)
(/usr/share/texlive/texmf-dist/tex/latex/subfigure/subfigure.sty
Package: subfigure 2002/03/15 v2.1.5 subfigure package
\subfigtopskip=\skip43
\subfigcapskip=\skip44
\subfigcaptopadj=\dimen108
\subfigbottomskip=\skip45
\subfigcapmargin=\dimen109
\subfiglabelskip=\skip46
\c@subfigure=\count89
\c@lofdepth=\count90
\c@subtable=\count91
\c@lotdepth=\count92

****************************************
* Local config file subfigure.cfg used *
****************************************
(/usr/share/texlive/texmf-dist/tex/latex/subfigure/subfigure.cfg)
\subfig@top=\skip47
\subfig@bottom=\skip48
)
(/usr/share/texlive/texmf-dist/tex/latex/preprint/balance.sty
Package: balance 1999/02/23 4.3 (PWD)
\oldvsize=\dimen110
)
(/usr/share/texlive/texmf-dist/tex/latex/algorithmicx/algpseudocode.sty
Package: algpseudocode 

(/usr/share/texlive/texmf-dist/tex/latex/base/ifthen.sty
Package: ifthen 2001/05/26 v1.1c Standard LaTeX ifthen package (DPC)
)
(/usr/share/texlive/texmf-dist/tex/latex/algorithmicx/algorithmicx.sty
Package: algorithmicx 2005/04/27 v1.2 Algorithmicx

Document Style algorithmicx 1.2 - a greatly improved `algorithmic' style
\c@ALG@line=\count93
\c@ALG@rem=\count94
\c@ALG@nested=\count95
\ALG@tlm=\skip49
\ALG@thistlm=\skip50
\c@ALG@Lnr=\count96
\c@ALG@blocknr=\count97
\c@ALG@storecount=\count98
\c@ALG@tmpcounter=\count99
\ALG@tmplength=\skip51
)
Document Style - pseudocode environments for use with the `algorithmicx' style
) (/usr/share/texlive/texmf-dist/tex/latex/algorithms/algorithm.sty
Package: algorithm 2009/08/24 v0.1 Document Style `algorithm' - floating enviro
nment

(/usr/share/texlive/texmf-dist/tex/latex/float/float.sty
Package: float 2001/11/08 v1.3d Float enhancements (AL)
\c@float@type=\count100
\float@exts=\toks15
\float@box=\box26
\@float@everytoks=\toks16
\@floatcapt=\box27
)
\@float@every@algorithm=\toks17
\c@algorithm=\count101
)
(/usr/share/texlive/texmf-dist/tex/latex/oberdiek/epstopdf.sty
Package: epstopdf 2010/02/09 v2.5 Conversion with epstopdf on the fly (HO)

(/usr/share/texlive/texmf-dist/tex/latex/oberdiek/epstopdf-base.sty
Package: epstopdf-base 2010/02/09 v2.5 Base part for package epstopdf

(/usr/share/texlive/texmf-dist/tex/latex/oberdiek/grfext.sty
Package: grfext 2010/08/19 v1.1 Manage graphics extensions (HO)

(/usr/share/texlive/texmf-dist/tex/generic/oberdiek/kvdefinekeys.sty
Package: kvdefinekeys 2011/04/07 v1.3 Define keys (HO)
))
(/usr/share/texlive/texmf-dist/tex/latex/oberdiek/kvoptions.sty
Package: kvoptions 2011/06/30 v3.11 Key value format for package options (HO)

(/usr/share/texlive/texmf-dist/tex/generic/oberdiek/kvsetkeys.sty
Package: kvsetkeys 2012/04/25 v1.16 Key value parser (HO)

(/usr/share/texlive/texmf-dist/tex/generic/oberdiek/etexcmds.sty
Package: etexcmds 2011/02/16 v1.5 Avoid name clashes with e-TeX commands (HO)

(/usr/share/texlive/texmf-dist/tex/generic/oberdiek/ifluatex.sty
Package: ifluatex 2010/03/01 v1.3 Provides the ifluatex switch (HO)
Package ifluatex Info: LuaTeX not detected.
)
Package etexcmds Info: Could not find \expanded.
(etexcmds)             That can mean that you are not using pdfTeX 1.50 or
(etexcmds)             that some package has redefined \expanded.
(etexcmds)             In the latter case, load this package earlier.
)))
(/usr/share/texlive/texmf-dist/tex/generic/oberdiek/pdftexcmds.sty
Package: pdftexcmds 2011/11/29 v0.20 Utility functions of pdfTeX for LuaTeX (HO
)

(/usr/share/texlive/texmf-dist/tex/generic/oberdiek/ifpdf.sty
Package: ifpdf 2011/01/30 v2.3 Provides the ifpdf switch (HO)
Package ifpdf Info: pdfTeX in PDF mode is detected.
)
Package pdftexcmds Info: LuaTeX not detected.
Package pdftexcmds Info: \pdf@primitive is available.
Package pdftexcmds Info: \pdf@ifprimitive is available.
Package pdftexcmds Info: \pdfdraftmode found.
)
Package grfext Info: Graphics extension search list:
(grfext)             [.png,.pdf,.jpg,.mps,.jpeg,.jbig2,.jb2,.PNG,.PDF,.JPG,.JPE
G,.JBIG2,.JB2,.eps]
(grfext)             \AppendGraphicsExtensions on input line 452.

(/usr/share/texlive/texmf-dist/tex/latex/latexconfig/epstopdf-sys.cfg
File: epstopdf-sys.cfg 2010/07/13 v1.3 Configuration of (r)epstopdf for TeX Liv
e
)))
(/usr/share/texlive/texmf-dist/tex/latex/comment/comment.sty
\CommentStream=\write4

Excluding comment 'comment')
(/usr/share/texlive/texmf-dist/tex/latex/graphics/color.sty
Package: color 2005/11/14 v1.0j Standard LaTeX Color (DPC)

(/usr/share/texlive/texmf-dist/tex/latex/latexconfig/color.cfg
File: color.cfg 2007/01/18 v1.5 color configuration of teTeX/TeXLive
)
Package color Info: Driver file: pdftex.def on input line 130.
)
(/usr/share/texlive/texmf-dist/tex/latex/multirow/multirow.sty
\bigstrutjot=\dimen111
)
(/usr/share/texlive/texmf-dist/tex/generic/ulem/ulem.sty
\UL@box=\box28
\UL@hyphenbox=\box29
\UL@skip=\skip52
\UL@hook=\toks18
\UL@height=\dimen112
\UL@pe=\count102
\UL@pixel=\dimen113
\ULC@box=\box30
Package: ulem 2012/05/18
\ULdepth=\dimen114
) (./FAST2017-draft.aux)
\openout1 = `FAST2017-draft.aux'.

LaTeX Font Info:    Checking defaults for OML/cmm/m/it on input line 38.
LaTeX Font Info:    ... okay on input line 38.
LaTeX Font Info:    Checking defaults for T1/cmr/m/n on input line 38.
LaTeX Font Info:    ... okay on input line 38.
LaTeX Font Info:    Checking defaults for OT1/cmr/m/n on input line 38.
LaTeX Font Info:    ... okay on input line 38.
LaTeX Font Info:    Checking defaults for OMS/cmsy/m/n on input line 38.
LaTeX Font Info:    ... okay on input line 38.
LaTeX Font Info:    Checking defaults for OMX/cmex/m/n on input line 38.
LaTeX Font Info:    ... okay on input line 38.
LaTeX Font Info:    Checking defaults for U/cmr/m/n on input line 38.
LaTeX Font Info:    ... okay on input line 38.
LaTeX Font Info:    Try loading font information for OT1+ptm on input line 38.
 (/usr/share/texlive/texmf-dist/tex/latex/psnfss/ot1ptm.fd
File: ot1ptm.fd 2001/06/04 font definitions for OT1/ptm.
)
(/usr/share/texlive/texmf-dist/tex/context/base/supp-pdf.mkii
[Loading MPS to PDF converter (version 2006.09.02).]
\scratchcounter=\count103
\scratchdimen=\dimen115
\scratchbox=\box31
\nofMPsegments=\count104
\nofMParguments=\count105
\everyMPshowfont=\toks19
\MPscratchCnt=\count106
\MPscratchDim=\dimen116
\MPnumerator=\count107
\makeMPintoPDFobject=\count108
\everyMPtoPDFconversion=\toks20
)
LaTeX Font Info:    Font shape `OT1/ptm/bx/n' in size <14.4> not available
(Font)              Font shape `OT1/ptm/b/n' tried instead on input line 65.
LaTeX Font Info:    External font `cmex10' loaded for size
(Font)              <12> on input line 65.
LaTeX Font Info:    External font `cmex10' loaded for size
(Font)              <8> on input line 65.
LaTeX Font Info:    External font `cmex10' loaded for size
(Font)              <6> on input line 65.
LaTeX Font Info:    Font shape `OT1/ptm/bx/n' in size <12> not available
(Font)              Font shape `OT1/ptm/b/n' tried instead on input line 72.
 (./intro.tex
Underfull \vbox (badness 10000) has occurred while \output is active []


Underfull \vbox (badness 1688) has occurred while \output is active []

 [1{/var/lib/texmf/fonts/map/pdftex/updmap/pdftex.map}


]
LaTeX Font Info:    Font shape `OT1/ptm/bx/n' in size <10> not available
(Font)              Font shape `OT1/ptm/b/n' tried instead on input line 27.

Underfull \hbox (badness 1762) in paragraph at lines 27--29
\OT1/ptm/m/n/10 clus-ters, we pro-pose an adap-tive cache mech-a-nism,
 []

) (./design.tex
Underfull \vbox (badness 7631) has occurred while \output is active []

 [2]
Package epstopdf Info: Source file: <figures/architecture.eps>
(epstopdf)                    date: 2016-09-20 12:25:22
(epstopdf)                    size: 22701 bytes
(epstopdf)             Output file: <figures/architecture-eps-converted-to.pdf>

(epstopdf)                    date: 2016-09-20 12:26:10
(epstopdf)                    size: 14910 bytes
(epstopdf)             Command: <repstopdf --outfile=figures/architecture-eps-c
onverted-to.pdf figures/architecture.eps>
(epstopdf)             \includegraphics on input line 29.
Package epstopdf Info: Output file is already uptodate.

<figures/architecture-eps-converted-to.pdf, id=11, 558.085pt x 452.69125pt>
File: figures/architecture-eps-converted-to.pdf Graphic file (type pdf)

<use figures/architecture-eps-converted-to.pdf>
Package pdftex.def Info: figures/architecture-eps-converted-to.pdf used on inpu
t line 29.
(pdftex.def)             Requested size: 223.23004pt x 181.07329pt.
LaTeX Font Info:    External font `cmex10' loaded for size
(Font)              <7> on input line 45.
LaTeX Font Info:    External font `cmex10' loaded for size
(Font)              <5> on input line 45.

Overfull \hbox (0.57599pt too wide) in paragraph at lines 47--47
[]\OT1/ptm/m/n/10 Notation| 
 []


Overfull \hbox (1.0486pt too wide) in paragraph at lines 45--70
 [][] 
 []


Underfull \vbox (badness 1199) has occurred while \output is active []

 [3 <./figures/architecture-eps-converted-to.pdf>] [4]
Underfull \hbox (badness 1205) in paragraph at lines 113--114
[]\OT1/ptm/m/n/10 EARN-Cache[] first checks whether the file re-quest-ing
 []

LaTeX Font Info:    Try loading font information for OMS+ptm on input line 121.

(/usr/share/texlive/texmf-dist/tex/latex/psnfss/omsptm.fd
File: omsptm.fd 
)
LaTeX Font Info:    Font shape `OMS/ptm/m/it' in size <10> not available
(Font)              Font shape `OMS/cmsy/m/n' tried instead on input line 121.
) (./exp.tex
LaTeX Font Info:    Font shape `OMS/ptm/m/n' in size <10> not available
(Font)              Font shape `OMS/cmsy/m/n' tried instead on input line 10.
 [5]
Package epstopdf Info: Source file: <figures/scan444_time_all.eps>
(epstopdf)                    date: 2016-09-25 14:56:37
(epstopdf)                    size: 25850 bytes
(epstopdf)             Output file: <figures/scan444_time_all-eps-converted-to.
pdf>
(epstopdf)                    date: 2016-09-25 16:19:55
(epstopdf)                    size: 7712 bytes
(epstopdf)             Command: <repstopdf --outfile=figures/scan444_time_all-e
ps-converted-to.pdf figures/scan444_time_all.eps>
(epstopdf)             \includegraphics on input line 24.
Package epstopdf Info: Output file is already uptodate.

<figures/scan444_time_all-eps-converted-to.pdf, id=31, 289.08pt x 252.945pt>
File: figures/scan444_time_all-eps-converted-to.pdf Graphic file (type pdf)

<use figures/scan444_time_all-eps-converted-to.pdf>
Package pdftex.def Info: figures/scan444_time_all-eps-converted-to.pdf used on 
input line 24.
(pdftex.def)             Requested size: 118.52356pt x 103.70811pt.

Overfull \hbox (10.65828pt too wide) in paragraph at lines 24--24
 [][] 
 []

Package epstopdf Info: Source file: <figures/scan741_time_all.eps>
(epstopdf)                    date: 2016-09-25 14:56:37
(epstopdf)                    size: 26022 bytes
(epstopdf)             Output file: <figures/scan741_time_all-eps-converted-to.
pdf>
(epstopdf)                    date: 2016-09-25 16:28:29
(epstopdf)                    size: 7789 bytes
(epstopdf)             Command: <repstopdf --outfile=figures/scan741_time_all-e
ps-converted-to.pdf figures/scan741_time_all.eps>
(epstopdf)             \includegraphics on input line 31.
Package epstopdf Info: Output file is already uptodate.
<figures/scan741_time_all-eps-converted-to.pdf, id=32, 289.08pt x 252.945pt>
File: figures/scan741_time_all-eps-converted-to.pdf Graphic file (type pdf)

<use figures/scan741_time_all-eps-converted-to.pdf>
Package pdftex.def Info: figures/scan741_time_all-eps-converted-to.pdf used on 
input line 31.
(pdftex.def)             Requested size: 118.52356pt x 103.70811pt.

Overfull \hbox (10.65828pt too wide) in paragraph at lines 31--31
 [][] 
 []

Package epstopdf Info: Source file: <figures/block_count_avg.eps>
(epstopdf)                    date: 2016-09-25 14:56:37
(epstopdf)                    size: 25924 bytes
(epstopdf)             Output file: <figures/block_count_avg-eps-converted-to.p
df>
(epstopdf)                    date: 2016-09-25 16:28:29
(epstopdf)                    size: 8478 bytes
(epstopdf)             Command: <repstopdf --outfile=figures/block_count_avg-ep
s-converted-to.pdf figures/block_count_avg.eps>
(epstopdf)             \includegraphics on input line 41.
Package epstopdf Info: Output file is already uptodate.
<figures/block_count_avg-eps-converted-to.pdf, id=33, 542.025pt x 303.1325pt>
File: figures/block_count_avg-eps-converted-to.pdf Graphic file (type pdf)

<use figures/block_count_avg-eps-converted-to.pdf>
Package pdftex.def Info: figures/block_count_avg-eps-converted-to.pdf used on i
nput line 41.
(pdftex.def)             Requested size: 233.0662pt x 130.34442pt.

Overfull \hbox (3.5662pt too wide) in paragraph at lines 41--42
 [][] 
 []

Package epstopdf Info: Source file: <figures/3-2-earn-1000-ds.eps>
(epstopdf)                    date: 2016-09-24 21:00:36
(epstopdf)                    size: 19868 bytes
(epstopdf)             Output file: <figures/3-2-earn-1000-ds-eps-converted-to.
pdf>
(epstopdf)                    date: 2016-09-24 21:21:12
(epstopdf)                    size: 8101 bytes
(epstopdf)             Command: <repstopdf --outfile=figures/3-2-earn-1000-ds-e
ps-converted-to.pdf figures/3-2-earn-1000-ds.eps>
(epstopdf)             \includegraphics on input line 73.
Package epstopdf Info: Output file is already uptodate.
<figures/3-2-earn-1000-ds-eps-converted-to.pdf, id=34, 289.08pt x 252.945pt>
File: figures/3-2-earn-1000-ds-eps-converted-to.pdf Graphic file (type pdf)

<use figures/3-2-earn-1000-ds-eps-converted-to.pdf>
Package pdftex.def Info: figures/3-2-earn-1000-ds-eps-converted-to.pdf used on 
input line 73.
(pdftex.def)             Requested size: 118.52356pt x 103.70811pt.

Overfull \hbox (10.65828pt too wide) in paragraph at lines 73--73
 [][] 
 []

Package epstopdf Info: Source file: <figures/3-2-maxmin-1000-ds.eps>
(epstopdf)                    date: 2016-09-24 21:00:36
(epstopdf)                    size: 19843 bytes
(epstopdf)             Output file: <figures/3-2-maxmin-1000-ds-eps-converted-t
o.pdf>
(epstopdf)                    date: 2016-09-24 21:21:13
(epstopdf)                    size: 8039 bytes
(epstopdf)             Command: <repstopdf --outfile=figures/3-2-maxmin-1000-ds
-eps-converted-to.pdf figures/3-2-maxmin-1000-ds.eps>
(epstopdf)             \includegraphics on input line 80.
Package epstopdf Info: Output file is already uptodate.

<figures/3-2-maxmin-1000-ds-eps-converted-to.pdf, id=35, 289.08pt x 252.945pt>
File: figures/3-2-maxmin-1000-ds-eps-converted-to.pdf Graphic file (type pdf)

<use figures/3-2-maxmin-1000-ds-eps-converted-to.pdf>
Package pdftex.def Info: figures/3-2-maxmin-1000-ds-eps-converted-to.pdf used o
n input line 80.
(pdftex.def)             Requested size: 118.52356pt x 103.70811pt.

Overfull \hbox (10.65828pt too wide) in paragraph at lines 80--80
 [][] 
 []

Package epstopdf Info: Source file: <figures/window_size_time.eps>
(epstopdf)                    date: 2016-09-05 20:04:46
(epstopdf)                    size: 18554 bytes
(epstopdf)             Output file: <figures/window_size_time-eps-converted-to.
pdf>
(epstopdf)                    date: 2016-09-12 21:10:02
(epstopdf)                    size: 8850 bytes
(epstopdf)             Command: <repstopdf --outfile=figures/window_size_time-e
ps-converted-to.pdf figures/window_size_time.eps>
(epstopdf)             \includegraphics on input line 89.
Package epstopdf Info: Output file is already uptodate.
<figures/window_size_time-eps-converted-to.pdf, id=36, 361.35pt x 252.945pt>
File: figures/window_size_time-eps-converted-to.pdf Graphic file (type pdf)

<use figures/window_size_time-eps-converted-to.pdf>
Package pdftex.def Info: figures/window_size_time-eps-converted-to.pdf used on 
input line 89.
(pdftex.def)             Requested size: 148.15445pt x 103.70811pt.
) (./related.tex
Underfull \vbox (badness 10000) has occurred while \output is active []

 [6 <./figures/scan444_time_all-eps-converted-to.pdf> <./figures/scan741_time_a
ll-eps-converted-to.pdf> <./figures/block_count_avg-eps-converted-to.pdf>] [7 <
./figures/3-2-earn-1000-ds-eps-converted-to.pdf> <./figures/3-2-maxmin-1000-ds-
eps-converted-to.pdf> <./figures/window_size_time-eps-converted-to.pdf>])
Underfull \hbox (badness 1052) in paragraph at lines 132--133
\OT1/ptm/m/n/10 Bandwidth Traf-fic in Max-Min Fair Share Net-
 []


Underfull \hbox (badness 6559) in paragraph at lines 135--136
[]\OT1/ptm/m/n/10 Z. Cao, W. Ze-gura. Util-ity Max-Min: An
 []


Underfull \hbox (badness 10000) in paragraph at lines 135--136
\OT1/ptm/m/n/10 Application-Oriented Band-width Al-lo-ca-tion
 []

[8] [9

] (./FAST2017-draft.aux)

LaTeX Warning: Label(s) may have changed. Rerun to get cross-references right.

 ) 
Here is how much of TeX's memory you used:
 2785 strings out of 493304
 40561 string characters out of 6139870
 104784 words of memory out of 5000000
 6160 multiletter control sequences out of 15000+600000
 18813 words of font info for 40 fonts, out of 8000000 for 9000
 957 hyphenation exceptions out of 8191
 42i,12n,25p,1206b,302s stack positions out of 5000i,500n,10000p,200000b,80000s
{/usr/share/texlive/texmf-dist/fonts/enc/dvips/base/8r.enc}</usr/share/texliv
e/texmf-dist/fonts/type1/public/amsfonts/cm/cmex10.pfb></usr/share/texlive/texm
f-dist/fonts/type1/public/amsfonts/cm/cmmi10.pfb></usr/share/texlive/texmf-dist
/fonts/type1/public/amsfonts/cm/cmmi5.pfb></usr/share/texlive/texmf-dist/fonts/
type1/public/amsfonts/cm/cmmi7.pfb></usr/share/texlive/texmf-dist/fonts/type1/p
ublic/amsfonts/cm/cmr10.pfb></usr/share/texlive/texmf-dist/fonts/type1/public/a
msfonts/cm/cmr7.pfb></usr/share/texlive/texmf-dist/fonts/type1/public/amsfonts/
cm/cmsy10.pfb></usr/share/texlive/texmf-dist/fonts/type1/urw/times/utmb8a.pfb><
/usr/share/texlive/texmf-dist/fonts/type1/urw/times/utmr8a.pfb></usr/share/texl
ive/texmf-dist/fonts/type1/urw/times/utmri8a.pfb>
Output written on FAST2017-draft.pdf (9 pages, 181091 bytes).
PDF statistics:
 114 PDF objects out of 1000 (max. 8388607)
 79 compressed objects within 1 object stream
 0 named destinations out of 1000 (max. 500000)
 36 words of extra memory for PDF output out of 10000 (max. 10000000)

