This is pdfTeX, Version 3.1415926-2.5-1.40.14 (TeX Live 2013/Debian) (format=pdflatex 2015.10.15)  24 SEP 2016 18:27
entering extended mode
 restricted \write18 enabled.
 %&-line parsing enabled.
**exp.tex
(./exp.tex
LaTeX2e <2011/06/27>
Babel <3.9h> and hyphenation patterns for 78 languages loaded.
(/usr/share/texlive/texmf-dist/tex/latex/IEEEtran/IEEEtran.cls
Document Class: IEEEtran 2012/12/27 V1.8 by Michael Shell
-- See the "IEEEtran_HOWTO" manual for usage information.
-- http://www.michaelshell.org/tex/ieeetran/
\@IEEEtrantmpdimenA=\dimen102
\@IEEEtrantmpdimenB=\dimen103
\@IEEEtrantmpcountA=\count79
\@IEEEtrantmpcountB=\count80
\@IEEEtrantmptoksA=\toks14
LaTeX Font Info:    Try loading font information for OT1+ptm on input line 368.

(/usr/share/texlive/texmf-dist/tex/latex/psnfss/ot1ptm.fd
File: ot1ptm.fd 2001/06/04 font definitions for OT1/ptm.
)
-- Using 8.5in x 11in (letter) paper.
-- Using PDF output.
\@IEEEnormalsizeunitybaselineskip=\dimen104
-- This is a 10 point document.
\CLASSINFOnormalsizebaselineskip=\dimen105
\CLASSINFOnormalsizeunitybaselineskip=\dimen106
\IEEEnormaljot=\dimen107
LaTeX Font Info:    Font shape `OT1/ptm/bx/n' in size <5> not available
(Font)              Font shape `OT1/ptm/b/n' tried instead on input line 726.
LaTeX Font Info:    Font shape `OT1/ptm/bx/it' in size <5> not available
(Font)              Font shape `OT1/ptm/b/it' tried instead on input line 726.
LaTeX Font Info:    Font shape `OT1/ptm/bx/n' in size <7> not available
(Font)              Font shape `OT1/ptm/b/n' tried instead on input line 726.
LaTeX Font Info:    Font shape `OT1/ptm/bx/it' in size <7> not available
(Font)              Font shape `OT1/ptm/b/it' tried instead on input line 726.
LaTeX Font Info:    Font shape `OT1/ptm/bx/n' in size <8> not available
(Font)              Font shape `OT1/ptm/b/n' tried instead on input line 726.
LaTeX Font Info:    Font shape `OT1/ptm/bx/it' in size <8> not available
(Font)              Font shape `OT1/ptm/b/it' tried instead on input line 726.
LaTeX Font Info:    Font shape `OT1/ptm/bx/n' in size <9> not available
(Font)              Font shape `OT1/ptm/b/n' tried instead on input line 726.
LaTeX Font Info:    Font shape `OT1/ptm/bx/it' in size <9> not available
(Font)              Font shape `OT1/ptm/b/it' tried instead on input line 726.
LaTeX Font Info:    Font shape `OT1/ptm/bx/n' in size <10> not available
(Font)              Font shape `OT1/ptm/b/n' tried instead on input line 726.
LaTeX Font Info:    Font shape `OT1/ptm/bx/it' in size <10> not available
(Font)              Font shape `OT1/ptm/b/it' tried instead on input line 726.
LaTeX Font Info:    Font shape `OT1/ptm/bx/n' in size <11> not available
(Font)              Font shape `OT1/ptm/b/n' tried instead on input line 726.
LaTeX Font Info:    Font shape `OT1/ptm/bx/it' in size <11> not available
(Font)              Font shape `OT1/ptm/b/it' tried instead on input line 726.
LaTeX Font Info:    Font shape `OT1/ptm/bx/n' in size <12> not available
(Font)              Font shape `OT1/ptm/b/n' tried instead on input line 726.
LaTeX Font Info:    Font shape `OT1/ptm/bx/it' in size <12> not available
(Font)              Font shape `OT1/ptm/b/it' tried instead on input line 726.
LaTeX Font Info:    Font shape `OT1/ptm/bx/n' in size <17> not available
(Font)              Font shape `OT1/ptm/b/n' tried instead on input line 726.
LaTeX Font Info:    Font shape `OT1/ptm/bx/it' in size <17> not available
(Font)              Font shape `OT1/ptm/b/it' tried instead on input line 726.
LaTeX Font Info:    Font shape `OT1/ptm/bx/n' in size <20> not available
(Font)              Font shape `OT1/ptm/b/n' tried instead on input line 726.
LaTeX Font Info:    Font shape `OT1/ptm/bx/it' in size <20> not available
(Font)              Font shape `OT1/ptm/b/it' tried instead on input line 726.
LaTeX Font Info:    Font shape `OT1/ptm/bx/n' in size <24> not available
(Font)              Font shape `OT1/ptm/b/n' tried instead on input line 726.
LaTeX Font Info:    Font shape `OT1/ptm/bx/it' in size <24> not available
(Font)              Font shape `OT1/ptm/b/it' tried instead on input line 726.
\IEEEilabelindentA=\dimen108
\IEEEilabelindentB=\dimen109
\IEEEilabelindent=\dimen110
\IEEEelabelindent=\dimen111
\IEEEdlabelindent=\dimen112
\IEEElabelindent=\dimen113
\IEEEiednormlabelsep=\dimen114
\IEEEiedmathlabelsep=\dimen115
\IEEEiedtopsep=\skip41
\c@section=\count81
\c@subsection=\count82
\c@subsubsection=\count83
\c@paragraph=\count84
\c@IEEEsubequation=\count85
\abovecaptionskip=\skip42
\belowcaptionskip=\skip43
\c@figure=\count86
\c@table=\count87
\@IEEEeqnnumcols=\count88
\@IEEEeqncolcnt=\count89
\@IEEEsubeqnnumrollback=\count90
\@IEEEtmpitemindent=\dimen116
\c@IEEEbiography=\count91
\@IEEEtranrubishbin=\box26
) (/usr/share/texlive/texmf-dist/tex/latex/graphics/graphicx.sty
Package: graphicx 1999/02/16 v1.0f Enhanced LaTeX Graphics (DPC,SPQR)

(/usr/share/texlive/texmf-dist/tex/latex/graphics/keyval.sty
Package: keyval 1999/03/16 v1.13 key=value parser (DPC)
\KV@toks@=\toks15
)
(/usr/share/texlive/texmf-dist/tex/latex/graphics/graphics.sty
Package: graphics 2009/02/05 v1.0o Standard LaTeX Graphics (DPC,SPQR)

(/usr/share/texlive/texmf-dist/tex/latex/graphics/trig.sty
Package: trig 1999/03/16 v1.09 sin cos tan (DPC)
)
(/usr/share/texlive/texmf-dist/tex/latex/latexconfig/graphics.cfg
File: graphics.cfg 2010/04/23 v1.9 graphics configuration of TeX Live
)
Package graphics Info: Driver file: pdftex.def on input line 91.

(/usr/share/texlive/texmf-dist/tex/latex/pdftex-def/pdftex.def
File: pdftex.def 2011/05/27 v0.06d Graphics/color for pdfTeX

(/usr/share/texlive/texmf-dist/tex/generic/oberdiek/infwarerr.sty
Package: infwarerr 2010/04/08 v1.3 Providing info/warning/error messages (HO)
)
(/usr/share/texlive/texmf-dist/tex/generic/oberdiek/ltxcmds.sty
Package: ltxcmds 2011/11/09 v1.22 LaTeX kernel commands for general use (HO)
)
\Gread@gobject=\count92
))
\Gin@req@height=\dimen117
\Gin@req@width=\dimen118
)
(/usr/share/texlive/texmf-dist/tex/latex/subfigure/subfigure.sty
Package: subfigure 2002/03/15 v2.1.5 subfigure package
\subfigtopskip=\skip44
\subfigcapskip=\skip45
\subfigcaptopadj=\dimen119
\subfigbottomskip=\skip46
\subfigcapmargin=\dimen120
\subfiglabelskip=\skip47
\c@subfigure=\count93
\c@lofdepth=\count94
\c@subtable=\count95
\c@lotdepth=\count96

****************************************
* Local config file subfigure.cfg used *
****************************************
(/usr/share/texlive/texmf-dist/tex/latex/subfigure/subfigure.cfg)
\subfig@top=\skip48
\subfig@bottom=\skip49
) (./exp.aux)
\openout1 = `exp.aux'.

LaTeX Font Info:    Checking defaults for OML/cmm/m/it on input line 4.
LaTeX Font Info:    ... okay on input line 4.
LaTeX Font Info:    Checking defaults for T1/cmr/m/n on input line 4.
LaTeX Font Info:    ... okay on input line 4.
LaTeX Font Info:    Checking defaults for OT1/cmr/m/n on input line 4.
LaTeX Font Info:    ... okay on input line 4.
LaTeX Font Info:    Checking defaults for OMS/cmsy/m/n on input line 4.
LaTeX Font Info:    ... okay on input line 4.
LaTeX Font Info:    Checking defaults for OMX/cmex/m/n on input line 4.
LaTeX Font Info:    ... okay on input line 4.
LaTeX Font Info:    Checking defaults for U/cmr/m/n on input line 4.
LaTeX Font Info:    ... okay on input line 4.

(/usr/share/texlive/texmf-dist/tex/context/base/supp-pdf.mkii
[Loading MPS to PDF converter (version 2006.09.02).]
\scratchcounter=\count97
\scratchdimen=\dimen121
\scratchbox=\box27
\nofMPsegments=\count98
\nofMParguments=\count99
\everyMPshowfont=\toks16
\MPscratchCnt=\count100
\MPscratchDim=\dimen122
\MPnumerator=\count101
\makeMPintoPDFobject=\count102
\everyMPtoPDFconversion=\toks17
) (/usr/share/texlive/texmf-dist/tex/generic/oberdiek/pdftexcmds.sty
Package: pdftexcmds 2011/11/29 v0.20 Utility functions of pdfTeX for LuaTeX (HO
)

(/usr/share/texlive/texmf-dist/tex/generic/oberdiek/ifluatex.sty
Package: ifluatex 2010/03/01 v1.3 Provides the ifluatex switch (HO)
Package ifluatex Info: LuaTeX not detected.
)
(/usr/share/texlive/texmf-dist/tex/generic/oberdiek/ifpdf.sty
Package: ifpdf 2011/01/30 v2.3 Provides the ifpdf switch (HO)
Package ifpdf Info: pdfTeX in PDF mode is detected.
)
Package pdftexcmds Info: LuaTeX not detected.
Package pdftexcmds Info: \pdf@primitive is available.
Package pdftexcmds Info: \pdf@ifprimitive is available.
Package pdftexcmds Info: \pdfdraftmode found.
)
(/usr/share/texlive/texmf-dist/tex/latex/oberdiek/epstopdf-base.sty
Package: epstopdf-base 2010/02/09 v2.5 Base part for package epstopdf

(/usr/share/texlive/texmf-dist/tex/latex/oberdiek/grfext.sty
Package: grfext 2010/08/19 v1.1 Manage graphics extensions (HO)

(/usr/share/texlive/texmf-dist/tex/generic/oberdiek/kvdefinekeys.sty
Package: kvdefinekeys 2011/04/07 v1.3 Define keys (HO)
))
(/usr/share/texlive/texmf-dist/tex/latex/oberdiek/kvoptions.sty
Package: kvoptions 2011/06/30 v3.11 Key value format for package options (HO)

(/usr/share/texlive/texmf-dist/tex/generic/oberdiek/kvsetkeys.sty
Package: kvsetkeys 2012/04/25 v1.16 Key value parser (HO)

(/usr/share/texlive/texmf-dist/tex/generic/oberdiek/etexcmds.sty
Package: etexcmds 2011/02/16 v1.5 Avoid name clashes with e-TeX commands (HO)
Package etexcmds Info: Could not find \expanded.
(etexcmds)             That can mean that you are not using pdfTeX 1.50 or
(etexcmds)             that some package has redefined \expanded.
(etexcmds)             In the latter case, load this package earlier.
)))
Package grfext Info: Graphics extension search list:
(grfext)             [.png,.pdf,.jpg,.mps,.jpeg,.jbig2,.jb2,.PNG,.PDF,.JPG,.JPE
G,.JBIG2,.JB2,.eps]
(grfext)             \AppendGraphicsExtensions on input line 452.

(/usr/share/texlive/texmf-dist/tex/latex/latexconfig/epstopdf-sys.cfg
File: epstopdf-sys.cfg 2010/07/13 v1.3 Configuration of (r)epstopdf for TeX Liv
e
))
LaTeX Font Info:    External font `cmex10' loaded for size
(Font)              <7> on input line 13.
LaTeX Font Info:    External font `cmex10' loaded for size
(Font)              <5> on input line 13.
Package epstopdf Info: Source file: <figures/scan444_time.eps>
(epstopdf)                    date: 2016-09-05 20:04:46
(epstopdf)                    size: 19266 bytes
(epstopdf)             Output file: <figures/scan444_time-eps-converted-to.pdf>

(epstopdf)                    date: 2016-09-12 21:10:00
(epstopdf)                    size: 6898 bytes
(epstopdf)             Command: <repstopdf --outfile=figures/scan444_time-eps-c
onverted-to.pdf figures/scan444_time.eps>
(epstopdf)             \includegraphics on input line 35.
Package epstopdf Info: Output file is already uptodate.

<figures/scan444_time-eps-converted-to.pdf, id=1, 361.35pt x 252.945pt>
File: figures/scan444_time-eps-converted-to.pdf Graphic file (type pdf)

<use figures/scan444_time-eps-converted-to.pdf>
Package pdftex.def Info: figures/scan444_time-eps-converted-to.pdf used on inpu
t line 35.
(pdftex.def)             Requested size: 144.53743pt x 101.17621pt.
Package epstopdf Info: Source file: <figures/scan741_time.eps>
(epstopdf)                    date: 2016-09-05 20:04:46
(epstopdf)                    size: 20043 bytes
(epstopdf)             Output file: <figures/scan741_time-eps-converted-to.pdf>

(epstopdf)                    date: 2016-09-12 21:10:01
(epstopdf)                    size: 7545 bytes
(epstopdf)             Command: <repstopdf --outfile=figures/scan741_time-eps-c
onverted-to.pdf figures/scan741_time.eps>
(epstopdf)             \includegraphics on input line 42.
Package epstopdf Info: Output file is already uptodate.

<figures/scan741_time-eps-converted-to.pdf, id=2, 361.35pt x 252.945pt>
File: figures/scan741_time-eps-converted-to.pdf Graphic file (type pdf)

<use figures/scan741_time-eps-converted-to.pdf>
Package pdftex.def Info: figures/scan741_time-eps-converted-to.pdf used on inpu
t line 42.
(pdftex.def)             Requested size: 144.53743pt x 101.17621pt.
Package epstopdf Info: Source file: <figures/block_count_avg_round.eps>
(epstopdf)                    date: 2016-09-24 18:19:25
(epstopdf)                    size: 18997 bytes
(epstopdf)             Output file: <figures/block_count_avg_round-eps-converte
d-to.pdf>
(epstopdf)                    date: 2016-09-12 21:01:24
(epstopdf)                    size: 7581 bytes
(epstopdf)             Command: <repstopdf --outfile=figures/block_count_avg_ro
und-eps-converted-to.pdf figures/block_count_avg_round.eps>
(epstopdf)             \includegraphics on input line 54.
runsystem(repstopdf --outfile=figures/block_count_avg_round-eps-converted-to.pd
f figures/block_count_avg_round.eps)...executed safely (allowed).

Package epstopdf Info: Result file: <figures/block_count_avg_round-eps-converte
d-to.pdf>
(epstopdf)                    date: 2016-09-24 18:27:15
(epstopdf)                    size: 7590 bytes.

<figures/block_count_avg_round-eps-converted-to.pdf, id=3, 361.35pt x 252.945pt
>
File: figures/block_count_avg_round-eps-converted-to.pdf Graphic file (type pdf
)
 <use figures/block_count_avg_round-eps-converted-to.pdf>
Package pdftex.def Info: figures/block_count_avg_round-eps-converted-to.pdf use
d on input line 54.
(pdftex.def)             Requested size: 72.2687pt x 50.5881pt.

Overfull \hbox (9.2687pt too wide) in paragraph at lines 54--54
 [][] 
 []

Package epstopdf Info: Source file: <figures/block_count_avg_one.eps>
(epstopdf)                    date: 2016-09-24 18:19:25
(epstopdf)                    size: 19168 bytes
(epstopdf)             Output file: <figures/block_count_avg_one-eps-converted-
to.pdf>
(epstopdf)                    date: 2016-09-12 21:01:25
(epstopdf)                    size: 7605 bytes
(epstopdf)             Command: <repstopdf --outfile=figures/block_count_avg_on
e-eps-converted-to.pdf figures/block_count_avg_one.eps>
(epstopdf)             \includegraphics on input line 60.
runsystem(repstopdf --outfile=figures/block_count_avg_one-eps-converted-to.pdf 
figures/block_count_avg_one.eps)...executed safely (allowed).

Package epstopdf Info: Result file: <figures/block_count_avg_one-eps-converted-
to.pdf>
(epstopdf)                    date: 2016-09-24 18:27:16
(epstopdf)                    size: 7613 bytes.

<figures/block_count_avg_one-eps-converted-to.pdf, id=4, 361.35pt x 252.945pt>
File: figures/block_count_avg_one-eps-converted-to.pdf Graphic file (type pdf)

<use figures/block_count_avg_one-eps-converted-to.pdf>
Package pdftex.def Info: figures/block_count_avg_one-eps-converted-to.pdf used 
on input line 60.
(pdftex.def)             Requested size: 72.2687pt x 50.5881pt.

Overfull \hbox (9.2687pt too wide) in paragraph at lines 60--60
 [][] 
 []

Package epstopdf Info: Source file: <figures/block_count_avg_two.eps>
(epstopdf)                    date: 2016-09-24 18:19:25
(epstopdf)                    size: 19171 bytes
(epstopdf)             Output file: <figures/block_count_avg_two-eps-converted-
to.pdf>
(epstopdf)                    date: 2016-09-12 21:01:26
(epstopdf)                    size: 7597 bytes
(epstopdf)             Command: <repstopdf --outfile=figures/block_count_avg_tw
o-eps-converted-to.pdf figures/block_count_avg_two.eps>
(epstopdf)             \includegraphics on input line 66.
runsystem(repstopdf --outfile=figures/block_count_avg_two-eps-converted-to.pdf 
figures/block_count_avg_two.eps)...executed safely (allowed).

Package epstopdf Info: Result file: <figures/block_count_avg_two-eps-converted-
to.pdf>
(epstopdf)                    date: 2016-09-24 18:27:17
(epstopdf)                    size: 7616 bytes.

<figures/block_count_avg_two-eps-converted-to.pdf, id=5, 361.35pt x 252.945pt>
File: figures/block_count_avg_two-eps-converted-to.pdf Graphic file (type pdf)

<use figures/block_count_avg_two-eps-converted-to.pdf>
Package pdftex.def Info: figures/block_count_avg_two-eps-converted-to.pdf used 
on input line 66.
(pdftex.def)             Requested size: 72.2687pt x 50.5881pt.

Overfull \hbox (9.2687pt too wide) in paragraph at lines 66--66
 [][] 
 []

Package epstopdf Info: Source file: <figures/3-1-earn-1000-ds.eps>
(epstopdf)                    date: 2016-09-24 18:26:44
(epstopdf)                    size: 20262 bytes
(epstopdf)             Output file: <figures/3-1-earn-1000-ds-eps-converted-to.
pdf>
(epstopdf)                    date: 2016-09-12 21:01:27
(epstopdf)                    size: 8542 bytes
(epstopdf)             Command: <repstopdf --outfile=figures/3-1-earn-1000-ds-e
ps-converted-to.pdf figures/3-1-earn-1000-ds.eps>
(epstopdf)             \includegraphics on input line 78.
runsystem(repstopdf --outfile=figures/3-1-earn-1000-ds-eps-converted-to.pdf fig
ures/3-1-earn-1000-ds.eps)...executed safely (allowed).

Package epstopdf Info: Result file: <figures/3-1-earn-1000-ds-eps-converted-to.
pdf>
(epstopdf)                    date: 2016-09-24 18:27:18
(epstopdf)                    size: 8542 bytes.
<figures/3-1-earn-1000-ds-eps-converted-to.pdf, id=6, 361.35pt x 252.945pt>
File: figures/3-1-earn-1000-ds-eps-converted-to.pdf Graphic file (type pdf)

<use figures/3-1-earn-1000-ds-eps-converted-to.pdf>
Package pdftex.def Info: figures/3-1-earn-1000-ds-eps-converted-to.pdf used on 
input line 78.
(pdftex.def)             Requested size: 122.85738pt x 86.00015pt.

Overfull \hbox (9.45815pt too wide) in paragraph at lines 78--78
 [][] 
 []

Package epstopdf Info: Source file: <figures/3-1-maxmin-1000-ds.eps>
(epstopdf)                    date: 2016-09-24 18:26:44
(epstopdf)                    size: 20232 bytes
(epstopdf)             Output file: <figures/3-1-maxmin-1000-ds-eps-converted-t
o.pdf>
(epstopdf)                    date: 2016-09-12 21:01:28
(epstopdf)                    size: 8446 bytes
(epstopdf)             Command: <repstopdf --outfile=figures/3-1-maxmin-1000-ds
-eps-converted-to.pdf figures/3-1-maxmin-1000-ds.eps>
(epstopdf)             \includegraphics on input line 84.
runsystem(repstopdf --outfile=figures/3-1-maxmin-1000-ds-eps-converted-to.pdf f
igures/3-1-maxmin-1000-ds.eps)...executed safely (allowed).

Package epstopdf Info: Result file: <figures/3-1-maxmin-1000-ds-eps-converted-t
o.pdf>
(epstopdf)                    date: 2016-09-24 18:27:19
(epstopdf)                    size: 8443 bytes.
<figures/3-1-maxmin-1000-ds-eps-converted-to.pdf, id=7, 361.35pt x 252.945pt>
File: figures/3-1-maxmin-1000-ds-eps-converted-to.pdf Graphic file (type pdf)

<use figures/3-1-maxmin-1000-ds-eps-converted-to.pdf>
Package pdftex.def Info: figures/3-1-maxmin-1000-ds-eps-converted-to.pdf used o
n input line 84.
(pdftex.def)             Requested size: 122.85738pt x 86.00015pt.

Overfull \hbox (9.45815pt too wide) in paragraph at lines 84--84
 [][] 
 []

Package epstopdf Info: Source file: <figures/3-2-earn-1000-ds.eps>
(epstopdf)                    date: 2016-09-24 18:26:44
(epstopdf)                    size: 19868 bytes
(epstopdf)             Output file: <figures/3-2-earn-1000-ds-eps-converted-to.
pdf>
(epstopdf)                    date: 2016-09-12 21:01:28
(epstopdf)                    size: 8017 bytes
(epstopdf)             Command: <repstopdf --outfile=figures/3-2-earn-1000-ds-e
ps-converted-to.pdf figures/3-2-earn-1000-ds.eps>
(epstopdf)             \includegraphics on input line 96.
runsystem(repstopdf --outfile=figures/3-2-earn-1000-ds-eps-converted-to.pdf fig
ures/3-2-earn-1000-ds.eps)...executed safely (allowed).

Package epstopdf Info: Result file: <figures/3-2-earn-1000-ds-eps-converted-to.
pdf>
(epstopdf)                    date: 2016-09-24 18:27:20
(epstopdf)                    size: 8010 bytes.
<figures/3-2-earn-1000-ds-eps-converted-to.pdf, id=8, 361.35pt x 252.945pt>
File: figures/3-2-earn-1000-ds-eps-converted-to.pdf Graphic file (type pdf)

<use figures/3-2-earn-1000-ds-eps-converted-to.pdf>
Package pdftex.def Info: figures/3-2-earn-1000-ds-eps-converted-to.pdf used on 
input line 96.
(pdftex.def)             Requested size: 122.85738pt x 86.00015pt.

Overfull \hbox (9.45815pt too wide) in paragraph at lines 96--96
 [][] 
 []

Package epstopdf Info: Source file: <figures/3-2-maxmin-1000-ds.eps>
(epstopdf)                    date: 2016-09-24 18:26:44
(epstopdf)                    size: 19843 bytes
(epstopdf)             Output file: <figures/3-2-maxmin-1000-ds-eps-converted-t
o.pdf>
(epstopdf)                    date: 2016-09-12 21:01:29
(epstopdf)                    size: 7946 bytes
(epstopdf)             Command: <repstopdf --outfile=figures/3-2-maxmin-1000-ds
-eps-converted-to.pdf figures/3-2-maxmin-1000-ds.eps>
(epstopdf)             \includegraphics on input line 102.
runsystem(repstopdf --outfile=figures/3-2-maxmin-1000-ds-eps-converted-to.pdf f
igures/3-2-maxmin-1000-ds.eps)...executed safely (allowed).

Package epstopdf Info: Result file: <figures/3-2-maxmin-1000-ds-eps-converted-t
o.pdf>
(epstopdf)                    date: 2016-09-24 18:27:21
(epstopdf)                    size: 7953 bytes.
<figures/3-2-maxmin-1000-ds-eps-converted-to.pdf, id=9, 361.35pt x 252.945pt>
File: figures/3-2-maxmin-1000-ds-eps-converted-to.pdf Graphic file (type pdf)

<use figures/3-2-maxmin-1000-ds-eps-converted-to.pdf>
Package pdftex.def Info: figures/3-2-maxmin-1000-ds-eps-converted-to.pdf used o
n input line 102.
(pdftex.def)             Requested size: 122.85738pt x 86.00015pt.

Overfull \hbox (9.45815pt too wide) in paragraph at lines 102--102
 [][] 
 []

Package epstopdf Info: Source file: <figures/window_size_time.eps>
(epstopdf)                    date: 2016-09-05 20:04:46
(epstopdf)                    size: 18554 bytes
(epstopdf)             Output file: <figures/window_size_time-eps-converted-to.
pdf>
(epstopdf)                    date: 2016-09-12 21:10:02
(epstopdf)                    size: 8850 bytes
(epstopdf)             Command: <repstopdf --outfile=figures/window_size_time-e
ps-converted-to.pdf figures/window_size_time.eps>
(epstopdf)             \includegraphics on input line 110.
Package epstopdf Info: Output file is already uptodate.
<figures/window_size_time-eps-converted-to.pdf, id=10, 361.35pt x 252.945pt>
File: figures/window_size_time-eps-converted-to.pdf Graphic file (type pdf)

<use figures/window_size_time-eps-converted-to.pdf>
Package pdftex.def Info: figures/window_size_time-eps-converted-to.pdf used on 
input line 110.
(pdftex.def)             Requested size: 144.53743pt x 101.17621pt.


** Conference Paper **
Before submitting the final camera ready copy, remember to:

 1. Manually equalize the lengths of two columns on the last page
 of your paper;

 2. Ensure that any PostScript and/or PDF output post-processing
 uses only Type 1 fonts and that every step in the generation
 process uses the appropriate paper size.

[1

{/var/lib/texmf/fonts/map/pdftex/updmap/pdftex.map} <./figures/scan444_time-eps
-converted-to.pdf> <./figures/scan741_time-eps-converted-to.pdf> <./figures/blo
ck_count_avg_round-eps-converted-to.pdf> <./figures/block_count_avg_one-eps-con
verted-to.pdf> <./figures/block_count_avg_two-eps-converted-to.pdf> <./figures/
3-1-earn-1000-ds-eps-converted-to.pdf> <./figures/3-1-maxmin-1000-ds-eps-conver
ted-to.pdf> <./figures/3-2-earn-1000-ds-eps-converted-to.pdf> <./figures/3-2-ma
xmin-1000-ds-eps-converted-to.pdf>] [2

 <./figures/window_size_time-eps-converted-to.pdf>] (./exp.aux) ) 
Here is how much of TeX's memory you used:
 2376 strings out of 493304
 39261 string characters out of 6139870
 99625 words of memory out of 5000000
 5832 multiletter control sequences out of 15000+600000
 27512 words of font info for 57 fonts, out of 8000000 for 9000
 957 hyphenation exceptions out of 8191
 38i,9n,26p,346b,294s stack positions out of 5000i,500n,10000p,200000b,80000s
{/usr/share/te
xlive/texmf-dist/fonts/enc/dvips/base/8r.enc}</usr/share/texlive/texmf-dist/fon
ts/type1/public/amsfonts/cm/cmsy7.pfb></usr/share/texlive/texmf-dist/fonts/type
1/urw/times/utmr8a.pfb>
Output written on exp.pdf (2 pages, 77497 bytes).
PDF statistics:
 80 PDF objects out of 1000 (max. 8388607)
 53 compressed objects within 1 object stream
 0 named destinations out of 1000 (max. 500000)
 51 words of extra memory for PDF output out of 10000 (max. 10000000)

